This is pdfTeX, Version 3.1415926-2.4-1.40.13 (TeX Live 2012) (format=pdflatex 2012.6.30)  12 DEC 2014 00:51
entering extended mode
 restricted \write18 enabled.
 %&-line parsing enabled.
**results_render.tex
(./results_render.tex
LaTeX2e <2011/06/27>
Babel <v3.8m> and hyphenation patterns for english, dumylang, nohyphenation, ge
rman-x-2012-05-30, ngerman-x-2012-05-30, afrikaans, ancientgreek, ibycus, arabi
c, armenian, basque, bulgarian, catalan, pinyin, coptic, croatian, czech, danis
h, dutch, ukenglish, usenglishmax, esperanto, estonian, ethiopic, farsi, finnis
h, french, friulan, galician, german, ngerman, swissgerman, monogreek, greek, h
ungarian, icelandic, assamese, bengali, gujarati, hindi, kannada, malayalam, ma
rathi, oriya, panjabi, tamil, telugu, indonesian, interlingua, irish, italian, 
kurmanji, latin, latvian, lithuanian, mongolian, mongolianlmc, bokmal, nynorsk,
 polish, portuguese, romanian, romansh, russian, sanskrit, serbian, serbianc, s
lovak, slovenian, spanish, swedish, turkish, turkmen, ukrainian, uppersorbian, 
welsh, loaded.
(/usr/local/texlive/2012/texmf-dist/tex/latex/base/article.cls
Document Class: article 2007/10/19 v1.4h Standard LaTeX document class
(/usr/local/texlive/2012/texmf-dist/tex/latex/base/size10.clo
File: size10.clo 2007/10/19 v1.4h Standard LaTeX file (size option)
)
\c@part=\count79
\c@section=\count80
\c@subsection=\count81
\c@subsubsection=\count82
\c@paragraph=\count83
\c@subparagraph=\count84
\c@figure=\count85
\c@table=\count86
\abovecaptionskip=\skip41
\belowcaptionskip=\skip42
\bibindent=\dimen102
)
(/usr/local/texlive/2012/texmf-dist/tex/latex/graphics/graphicx.sty
Package: graphicx 1999/02/16 v1.0f Enhanced LaTeX Graphics (DPC,SPQR)

(/usr/local/texlive/2012/texmf-dist/tex/latex/graphics/keyval.sty
Package: keyval 1999/03/16 v1.13 key=value parser (DPC)
\KV@toks@=\toks14
)
(/usr/local/texlive/2012/texmf-dist/tex/latex/graphics/graphics.sty
Package: graphics 2009/02/05 v1.0o Standard LaTeX Graphics (DPC,SPQR)

(/usr/local/texlive/2012/texmf-dist/tex/latex/graphics/trig.sty
Package: trig 1999/03/16 v1.09 sin cos tan (DPC)
)
(/usr/local/texlive/2012/texmf-dist/tex/latex/latexconfig/graphics.cfg
File: graphics.cfg 2010/04/23 v1.9 graphics configuration of TeX Live
)
Package graphics Info: Driver file: pdftex.def on input line 91.

(/usr/local/texlive/2012/texmf-dist/tex/latex/pdftex-def/pdftex.def
File: pdftex.def 2011/05/27 v0.06d Graphics/color for pdfTeX

(/usr/local/texlive/2012/texmf-dist/tex/generic/oberdiek/infwarerr.sty
Package: infwarerr 2010/04/08 v1.3 Providing info/warning/error messages (HO)
)
(/usr/local/texlive/2012/texmf-dist/tex/generic/oberdiek/ltxcmds.sty
Package: ltxcmds 2011/11/09 v1.22 LaTeX kernel commands for general use (HO)
)
\Gread@gobject=\count87
))
\Gin@req@height=\dimen103
\Gin@req@width=\dimen104
)
(/usr/local/texlive/2012/texmf-dist/tex/latex/oberdiek/pdflscape.sty
Package: pdflscape 2008/08/11 v0.10 Display of landscape pages in PDF (HO)

(/usr/local/texlive/2012/texmf-dist/tex/latex/graphics/lscape.sty
Package: lscape 2000/10/22 v3.01 Landscape Pages (DPC)
)
(/usr/local/texlive/2012/texmf-dist/tex/generic/oberdiek/ifpdf.sty
Package: ifpdf 2011/01/30 v2.3 Provides the ifpdf switch (HO)
Package ifpdf Info: pdfTeX in PDF mode is detected.
)
Package pdflscape Info: Auto-detected driver: pdftex on input line 80.

(/usr/local/texlive/2012/texmf-dist/tex/generic/ifxetex/ifxetex.sty
Package: ifxetex 2010/09/12 v0.6 Provides ifxetex conditional
))
(/usr/local/texlive/2012/texmf-dist/tex/latex/caption/subcaption.sty
Package: subcaption 2012/01/12 v1.1d Sub-captions (AR)

(/usr/local/texlive/2012/texmf-dist/tex/latex/caption/caption.sty
Package: caption 2012/02/19 v3.2f Customizing captions (AR)

(/usr/local/texlive/2012/texmf-dist/tex/latex/caption/caption3.sty
Package: caption3 2012/01/12 v1.4b caption3 kernel (AR)
\captionmargin=\dimen105
\captionmargin@=\dimen106
\captionwidth=\dimen107
\caption@indent=\dimen108
\caption@parindent=\dimen109
\caption@hangindent=\dimen110
)
\c@ContinuedFloat=\count88
)
\c@subfigure=\count89
\c@subtable=\count90
)
(/usr/local/texlive/2012/texmf-dist/tex/latex/preprint/fullpage.sty
Package: fullpage 1999/02/23 1.1 (PWD)
\FP@margin=\skip43
)
(./results_render.aux)
\openout1 = `results_render.aux'.

LaTeX Font Info:    Checking defaults for OML/cmm/m/it on input line 11.
LaTeX Font Info:    ... okay on input line 11.
LaTeX Font Info:    Checking defaults for T1/cmr/m/n on input line 11.
LaTeX Font Info:    ... okay on input line 11.
LaTeX Font Info:    Checking defaults for OT1/cmr/m/n on input line 11.
LaTeX Font Info:    ... okay on input line 11.
LaTeX Font Info:    Checking defaults for OMS/cmsy/m/n on input line 11.
LaTeX Font Info:    ... okay on input line 11.
LaTeX Font Info:    Checking defaults for OMX/cmex/m/n on input line 11.
LaTeX Font Info:    ... okay on input line 11.
LaTeX Font Info:    Checking defaults for U/cmr/m/n on input line 11.
LaTeX Font Info:    ... okay on input line 11.

(/usr/local/texlive/2012/texmf-dist/tex/context/base/supp-pdf.mkii
[Loading MPS to PDF converter (version 2006.09.02).]
\scratchcounter=\count91
\scratchdimen=\dimen111
\scratchbox=\box26
\nofMPsegments=\count92
\nofMParguments=\count93
\everyMPshowfont=\toks15
\MPscratchCnt=\count94
\MPscratchDim=\dimen112
\MPnumerator=\count95
\makeMPintoPDFobject=\count96
\everyMPtoPDFconversion=\toks16
) (/usr/local/texlive/2012/texmf-dist/tex/generic/oberdiek/pdftexcmds.sty
Package: pdftexcmds 2011/11/29 v0.20 Utility functions of pdfTeX for LuaTeX (HO
)

(/usr/local/texlive/2012/texmf-dist/tex/generic/oberdiek/ifluatex.sty
Package: ifluatex 2010/03/01 v1.3 Provides the ifluatex switch (HO)
Package ifluatex Info: LuaTeX not detected.
)
Package pdftexcmds Info: LuaTeX not detected.
Package pdftexcmds Info: \pdf@primitive is available.
Package pdftexcmds Info: \pdf@ifprimitive is available.
Package pdftexcmds Info: \pdfdraftmode found.
)
(/usr/local/texlive/2012/texmf-dist/tex/latex/oberdiek/epstopdf-base.sty
Package: epstopdf-base 2010/02/09 v2.5 Base part for package epstopdf

(/usr/local/texlive/2012/texmf-dist/tex/latex/oberdiek/grfext.sty
Package: grfext 2010/08/19 v1.1 Manage graphics extensions (HO)

(/usr/local/texlive/2012/texmf-dist/tex/generic/oberdiek/kvdefinekeys.sty
Package: kvdefinekeys 2011/04/07 v1.3 Define keys (HO)
))
(/usr/local/texlive/2012/texmf-dist/tex/latex/oberdiek/kvoptions.sty
Package: kvoptions 2011/06/30 v3.11 Key value format for package options (HO)

(/usr/local/texlive/2012/texmf-dist/tex/generic/oberdiek/kvsetkeys.sty
Package: kvsetkeys 2012/04/25 v1.16 Key value parser (HO)

(/usr/local/texlive/2012/texmf-dist/tex/generic/oberdiek/etexcmds.sty
Package: etexcmds 2011/02/16 v1.5 Avoid name clashes with e-TeX commands (HO)
Package etexcmds Info: Could not find \expanded.
(etexcmds)             That can mean that you are not using pdfTeX 1.50 or
(etexcmds)             that some package has redefined \expanded.
(etexcmds)             In the latter case, load this package earlier.
)))
Package grfext Info: Graphics extension search list:
(grfext)             [.png,.pdf,.jpg,.mps,.jpeg,.jbig2,.jb2,.PNG,.PDF,.JPG,.JPE
G,.JBIG2,.JB2,.eps]
(grfext)             \AppendGraphicsExtensions on input line 452.

(/usr/local/texlive/2012/texmf-dist/tex/latex/latexconfig/epstopdf-sys.cfg
File: epstopdf-sys.cfg 2010/07/13 v1.3 Configuration of (r)epstopdf for TeX Liv
e
))
Package caption Info: Begin \AtBeginDocument code.
Package caption Info: End \AtBeginDocument code.

[1

{/usr/local/texlive/2012/texmf-var/fonts/map/pdftex/updmap/pdftex.map}]
</Users/blake/Pictures/memoraProcessed/previews/2014/10/15/20141015_160251_0000
00.jpg, id=7, 634.37pt x 845.1575pt>
File: /Users/blake/Pictures/memoraProcessed/previews/2014/10/15/20141015_160251
_000000.jpg Graphic file (type jpg)

<use /Users/blake/Pictures/memoraProcessed/previews/2014/10/15/20141015_160251_
000000.jpg>
Package pdftex.def Info: /Users/blake/Pictures/memoraProcessed/previews/2014/10
/15/20141015_160251_000000.jpg used on input line 20.
(pdftex.def)             Requested size: 117.43875pt x 156.45485pt.
LaTeX Font Info:    External font `cmex10' loaded for size
(Font)              <7> on input line 21.
LaTeX Font Info:    External font `cmex10' loaded for size
(Font)              <5> on input line 21.

</Users/blake/Pictures/memoraProcessed/previews/2014/10/15/20141015_160426_0000
00.jpg, id=8, 634.37pt x 845.1575pt>
File: /Users/blake/Pictures/memoraProcessed/previews/2014/10/15/20141015_160426
_000000.jpg Graphic file (type jpg)

<use /Users/blake/Pictures/memoraProcessed/previews/2014/10/15/20141015_160426_
000000.jpg>
Package pdftex.def Info: /Users/blake/Pictures/memoraProcessed/previews/2014/10
/15/20141015_160426_000000.jpg used on input line 22.
(pdftex.def)             Requested size: 117.43875pt x 156.45485pt.

</Users/blake/Pictures/memoraProcessed/previews/2014/10/15/20141015_160459_0000
00.jpg, id=9, 634.37pt x 845.1575pt>
File: /Users/blake/Pictures/memoraProcessed/previews/2014/10/15/20141015_160459
_000000.jpg Graphic file (type jpg)

<use /Users/blake/Pictures/memoraProcessed/previews/2014/10/15/20141015_160459_
000000.jpg>
Package pdftex.def Info: /Users/blake/Pictures/memoraProcessed/previews/2014/10
/15/20141015_160459_000000.jpg used on input line 24.
(pdftex.def)             Requested size: 117.43875pt x 156.45485pt.

</Users/blake/Pictures/memoraProcessed/previews/2014/10/15/20141015_221232_0000
00.jpg, id=10, 634.37pt x 845.1575pt>
File: /Users/blake/Pictures/memoraProcessed/previews/2014/10/15/20141015_221232
_000000.jpg Graphic file (type jpg)

<use /Users/blake/Pictures/memoraProcessed/previews/2014/10/15/20141015_221232_
000000.jpg>
Package pdftex.def Info: /Users/blake/Pictures/memoraProcessed/previews/2014/10
/15/20141015_221232_000000.jpg used on input line 30.
(pdftex.def)             Requested size: 117.43875pt x 156.45485pt.

</Users/blake/Pictures/memoraProcessed/previews/2014/10/15/20141015_221302_0000
00.jpg, id=11, 634.37pt x 845.1575pt>
File: /Users/blake/Pictures/memoraProcessed/previews/2014/10/15/20141015_221302
_000000.jpg Graphic file (type jpg)

<use /Users/blake/Pictures/memoraProcessed/previews/2014/10/15/20141015_221302_
000000.jpg>
Package pdftex.def Info: /Users/blake/Pictures/memoraProcessed/previews/2014/10
/15/20141015_221302_000000.jpg used on input line 32.
(pdftex.def)             Requested size: 117.43875pt x 156.45485pt.

</Users/blake/Pictures/memoraProcessed/previews/2014/10/15/20141015_221437_0000
00.jpg, id=12, 634.37pt x 845.1575pt>
File: /Users/blake/Pictures/memoraProcessed/previews/2014/10/15/20141015_221437
_000000.jpg Graphic file (type jpg)

<use /Users/blake/Pictures/memoraProcessed/previews/2014/10/15/20141015_221437_
000000.jpg>
Package pdftex.def Info: /Users/blake/Pictures/memoraProcessed/previews/2014/10
/15/20141015_221437_000000.jpg used on input line 34.
(pdftex.def)             Requested size: 117.43875pt x 156.45485pt.

</Users/blake/Pictures/memoraProcessed/previews/2014/10/17/20141017_173304_0000
00.jpg, id=13, 475.7775pt x 634.37pt>
File: /Users/blake/Pictures/memoraProcessed/previews/2014/10/17/20141017_173304
_000000.jpg Graphic file (type jpg)

<use /Users/blake/Pictures/memoraProcessed/previews/2014/10/17/20141017_173304_
000000.jpg>
Package pdftex.def Info: /Users/blake/Pictures/memoraProcessed/previews/2014/10
/17/20141017_173304_000000.jpg used on input line 37.
(pdftex.def)             Requested size: 117.43875pt x 156.57872pt.

</Users/blake/Pictures/memoraProcessed/previews/2014/10/17/20141017_173542_0000
00.jpg, id=14, 475.7775pt x 634.37pt>
File: /Users/blake/Pictures/memoraProcessed/previews/2014/10/17/20141017_173542
_000000.jpg Graphic file (type jpg)

<use /Users/blake/Pictures/memoraProcessed/previews/2014/10/17/20141017_173542_
000000.jpg>
Package pdftex.def Info: /Users/blake/Pictures/memoraProcessed/previews/2014/10
/17/20141017_173542_000000.jpg used on input line 39.
(pdftex.def)             Requested size: 117.43875pt x 156.57872pt.

</Users/blake/Pictures/memoraProcessed/previews/2014/10/17/20141017_173612_0000
00.jpg, id=15, 475.7775pt x 634.37pt>
File: /Users/blake/Pictures/memoraProcessed/previews/2014/10/17/20141017_173612
_000000.jpg Graphic file (type jpg)

<use /Users/blake/Pictures/memoraProcessed/previews/2014/10/17/20141017_173612_
000000.jpg>
Package pdftex.def Info: /Users/blake/Pictures/memoraProcessed/previews/2014/10
/17/20141017_173612_000000.jpg used on input line 41.
(pdftex.def)             Requested size: 117.43875pt x 156.57872pt.


LaTeX Warning: `h' float specifier changed to `ht'.


</Users/blake/Pictures/memoraProcessed/previews/2014/10/21/20141021_155500_0000
00.jpg, id=16, 475.7775pt x 634.37pt>
File: /Users/blake/Pictures/memoraProcessed/previews/2014/10/21/20141021_155500
_000000.jpg Graphic file (type jpg)

<use /Users/blake/Pictures/memoraProcessed/previews/2014/10/21/20141021_155500_
000000.jpg>
Package pdftex.def Info: /Users/blake/Pictures/memoraProcessed/previews/2014/10
/21/20141021_155500_000000.jpg used on input line 51.
(pdftex.def)             Requested size: 117.43875pt x 156.57872pt.

</Users/blake/Pictures/memoraProcessed/previews/2014/10/21/20141021_183403_0000
00.jpg, id=17, 475.7775pt x 634.37pt>
File: /Users/blake/Pictures/memoraProcessed/previews/2014/10/21/20141021_183403
_000000.jpg Graphic file (type jpg)

<use /Users/blake/Pictures/memoraProcessed/previews/2014/10/21/20141021_183403_
000000.jpg>
Package pdftex.def Info: /Users/blake/Pictures/memoraProcessed/previews/2014/10
/21/20141021_183403_000000.jpg used on input line 53.
(pdftex.def)             Requested size: 117.43875pt x 156.57872pt.

</Users/blake/Pictures/memoraProcessed/previews/2014/10/21/20141021_183433_0000
00.jpg, id=18, 475.7775pt x 634.37pt>
File: /Users/blake/Pictures/memoraProcessed/previews/2014/10/21/20141021_183433
_000000.jpg Graphic file (type jpg)

<use /Users/blake/Pictures/memoraProcessed/previews/2014/10/21/20141021_183433_
000000.jpg>
Package pdftex.def Info: /Users/blake/Pictures/memoraProcessed/previews/2014/10
/21/20141021_183433_000000.jpg used on input line 55.
(pdftex.def)             Requested size: 117.43875pt x 156.57872pt.

</Users/blake/Pictures/memoraProcessed/previews/2014/10/21/20141021_183504_0000
00.jpg, id=19, 475.7775pt x 634.37pt>
File: /Users/blake/Pictures/memoraProcessed/previews/2014/10/21/20141021_183504
_000000.jpg Graphic file (type jpg)

<use /Users/blake/Pictures/memoraProcessed/previews/2014/10/21/20141021_183504_
000000.jpg>
Package pdftex.def Info: /Users/blake/Pictures/memoraProcessed/previews/2014/10
/21/20141021_183504_000000.jpg used on input line 57.
(pdftex.def)             Requested size: 117.43875pt x 156.57872pt.


LaTeX Warning: `h' float specifier changed to `ht'.

[2] [3 </Users/blake/Pictures/memoraProcessed/previews/2014/10/15/20141015_1602
51_000000.jpg> </Users/blake/Pictures/memoraProcessed/previews/2014/10/15/20141
015_160426_000000.jpg> </Users/blake/Pictures/memoraProcessed/previews/2014/10/
15/20141015_160459_000000.jpg> </Users/blake/Pictures/memoraProcessed/previews/
2014/10/15/20141015_221232_000000.jpg> </Users/blake/Pictures/memoraProcessed/p
reviews/2014/10/15/20141015_221302_000000.jpg> </Users/blake/Pictures/memoraPro
cessed/previews/2014/10/15/20141015_221437_000000.jpg> </Users/blake/Pictures/m
emoraProcessed/previews/2014/10/17/20141017_173304_000000.jpg> </Users/blake/Pi
ctures/memoraProcessed/previews/2014/10/17/20141017_173542_000000.jpg> </Users/
blake/Pictures/memoraProcessed/previews/2014/10/17/20141017_173612_000000.jpg>]
[4 </Users/blake/Pictures/memoraProcessed/previews/2014/10/21/20141021_155500_0
00000.jpg> </Users/blake/Pictures/memoraProcessed/previews/2014/10/21/20141021_
183403_000000.jpg> </Users/blake/Pictures/memoraProcessed/previews/2014/10/21/2
0141021_183433_000000.jpg> </Users/blake/Pictures/memoraProcessed/previews/2014
/10/21/20141021_183504_000000.jpg>] (./results_render.aux) ) 
Here is how much of TeX's memory you used:
 2656 strings out of 493488
 46680 string characters out of 3141326
 105578 words of memory out of 3000000
 5944 multiletter control sequences out of 15000+200000
 4107 words of font info for 16 fonts, out of 3000000 for 9000
 957 hyphenation exceptions out of 8191
 42i,7n,40p,303b,430s stack positions out of 5000i,500n,10000p,200000b,50000s
</usr/local/texlive
/2012/texmf-dist/fonts/type1/public/amsfonts/cm/cmr10.pfb></usr/local/texlive/2
012/texmf-dist/fonts/type1/public/amsfonts/cm/cmr9.pfb></usr/local/texlive/2012
/texmf-dist/fonts/type1/public/amsfonts/cm/cmtt10.pfb>
Output written on results_render.pdf (4 pages, 772511 bytes).
PDF statistics:
 42 PDF objects out of 1000 (max. 8388607)
 19 compressed objects within 1 object stream
 0 named destinations out of 1000 (max. 500000)
 66 words of extra memory for PDF output out of 10000 (max. 10000000)

